This is tralics 2.15.1, a LaTeX to XML translator, running on TuLap
Copyright INRIA/MIAOU/APICS/MARELLE 2002-2012, Jos\'e Grimm
Licensed under the CeCILL Free Software Licensing Agreement
Starting translation of file /tmp/polytex20210518-28-1aotrcc.tex.
Dummy default configuration file used.
Translating section command div0: Methods.
Warning: junk in figure
detected on line 43 of file /tmp/polytex20210518-28-1aotrcc.tex.
Translating section command div0: Hypothesis.
Translating section command div0: Discussion.
Translating section command div0: Conclusion.
Warning: junk in figure
detected on line 85 of file /tmp/polytex20210518-28-1aotrcc.tex.
Bib stats: seen 0 entries.
Math stats: formulas 0, kernels 0, trivial 0, \mbox 0, large 0, small 0.
Buffer realloc 15, string 1635, size 25846, merge 2
Macros created 198, deleted 10; hash size 2389; foonotes 0.
Save stack +116 -116.
Attribute list search 1683(1505) found 1148 in 1199 elements (1120 at boot).
Number of ref 1, of used labels 1, of defined labels 2, of ext. ref. 1.
There were 3 images.
Following images not defined: /img/posts/accuracyMouse/Distribution, /img/posts/accuracyMouse/pathsEdited, /img/posts/accuracyMouse/Photoshop-CS6.
Output written on /tmp/polytex20210518-28-1aotrcc.xml (5595 bytes).
No error found.
(For more information, see transcript file /tmp/polytex20210518-28-1aotrcc.log)
